<?xml version="1.0" encoding="UTF-8"?>
<testsuite xmlns:xsi="http://www.w3.org/2001/XMLSchema-instance" xsi:noNamespaceSchemaLocation="https://maven.apache.org/surefire/maven-surefire-plugin/xsd/surefire-test-report-3.0.xsd" version="3.0" name="com.example.library.repository.BookRepositoryTest" time="2.755" tests="2" errors="0" skipped="0" failures="0">
  <properties>
[...]
</properties>
  <testcase name="findAllBooksWithAuthor_emptyWhenNoBooks" classname="com.example.library.repository.BookRepositoryTest" time="0.445">
    <system-out><![CDATA[00:03:51.510 [main] INFO org.springframework.test.context.support.AnnotationConfigContextLoaderUtils -- Could not detect default configuration classes for test class [com.example.library.repository.BookRepositoryTest]: BookRepositoryTest does not declare any static, non-private, non-final, nested classes annotated with @Configuration.
00:03:51.597 [main] INFO org.springframework.boot.test.context.SpringBootTestContextBootstrapper -- Found @SpringBootConfiguration com.example.library.LibraryApplication for test class com.example.library.repository.BookRepositoryTest

  .   ____          _            __ _ _
 /\\ / ___'_ __ _ _(_)_ __  __ _ \ \ \ \
( ( )\___ | '_ | '_| | '_ \/ _` | \ \ \ \
 \\/  ___)| |_)| | | | | || (_| |  ) ) ) )
  '  |____| .__|_| |_|_| |_\__, | / / / /
 =========|_|==============|___/=/_/_/_/

 :: Spring Boot ::                (v3.3.5)

2026-05-03T00:03:51.827+05:30  INFO 17989 --- [           main] c.e.l.repository.BookRepositoryTest      : Starting BookRepositoryTest using Java 21.0.5 with PID 17989 (started by rajasurya in /Users/rajasurya/Desktop/spring_project)
2026-05-03T00:03:51.828+05:30  INFO 17989 --- [           main] c.e.l.repository.BookRepositoryTest      : No active profile set, falling back to 1 default profile: "default"
2026-05-03T00:03:52.021+05:30  INFO 17989 --- [           main] .s.d.r.c.RepositoryConfigurationDelegate : Bootstrapping Spring Data JPA repositories in DEFAULT mode.
2026-05-03T00:03:52.059+05:30  INFO 17989 --- [           main] .s.d.r.c.RepositoryConfigurationDelegate : Finished Spring Data repository scanning in 32 ms. Found 2 JPA repository interfaces.
2026-05-03T00:03:52.084+05:30  INFO 17989 --- [           main] beddedDataSourceBeanFactoryPostProcessor : Replacing 'dataSource' DataSource bean with embedded version
2026-05-03T00:03:52.148+05:30  INFO 17989 --- [           main] o.s.j.d.e.EmbeddedDatabaseFactory        : Starting embedded database: url='jdbc:h2:mem:1a0e1181-035f-4145-af03-b71111b48809;DB_CLOSE_DELAY=-1;DB_CLOSE_ON_EXIT=false', username='sa'
2026-05-03T00:03:52.324+05:30  INFO 17989 --- [           main] o.hibernate.jpa.internal.util.LogHelper  : HHH000204: Processing PersistenceUnitInfo [name: default]
2026-05-03T00:03:52.379+05:30  INFO 17989 --- [           main] org.hibernate.Version                    : HHH000412: Hibernate ORM core version 6.5.3.Final
2026-05-03T00:03:52.399+05:30  INFO 17989 --- [           main] o.h.c.internal.RegionFactoryInitiator    : HHH000026: Second-level cache disabled
2026-05-03T00:03:52.589+05:30  INFO 17989 --- [           main] o.s.o.j.p.SpringPersistenceUnitInfo      : No LoadTimeWeaver setup: ignoring JPA class transformer
2026-05-03T00:03:53.137+05:30  INFO 17989 --- [           main] o.h.e.t.j.p.i.JtaPlatformInitiator       : HHH000489: No JTA platform available (set 'hibernate.transaction.jta.platform' to enable JTA platform integration)
Hibernate: 
    drop table if exists author cascade 
Hibernate: 
    drop table if exists book cascade 
Hibernate: 
    create table author (
        birth_year integer not null check (birth_year>=1000),
        id bigint generated by default as identity,
        nationality varchar(50) not null,
        name varchar(100) not null,
        primary key (id)
    )
Hibernate: 
    create table book (
        price numeric(8,2) not null,
        author_id bigint not null,
        id bigint generated by default as identity,
        isbn varchar(20) not null unique,
        title varchar(150) not null,
        primary key (id)
    )
Hibernate: 
    alter table if exists book 
       add constraint FKklnrv3weler2ftkweewlky958 
       foreign key (author_id) 
       references author
2026-05-03T00:03:53.160+05:30  INFO 17989 --- [           main] j.LocalContainerEntityManagerFactoryBean : Initialized JPA EntityManagerFactory for persistence unit 'default'
2026-05-03T00:03:53.366+05:30  INFO 17989 --- [           main] o.s.d.j.r.query.QueryEnhancerFactory     : Hibernate is in classpath; If applicable, HQL parser will be used.
2026-05-03T00:03:53.668+05:30  INFO 17989 --- [           main] c.e.l.repository.BookRepositoryTest      : Started BookRepositoryTest in 2.023 seconds (process running for 2.792)
Hibernate: 
    insert 
    into
        author
        (birth_year, name, nationality, id) 
    values
        (?, ?, ?, default)
Hibernate: 
    select
        b1_0.id,
        b1_0.title,
        b1_0.isbn,
        b1_0.price,
        a1_0.name,
        a1_0.nationality 
    from
        book b1_0 
    join
        author a1_0 
            on a1_0.id=b1_0.author_id 
    order by
        a1_0.name,
        b1_0.title
]]></system-out>
    <system-err><![CDATA[WARNING: A Java agent has been loaded dynamically (/Users/rajasurya/.m2/repository/net/bytebuddy/byte-buddy-agent/1.14.19/byte-buddy-agent-1.14.19.jar)
WARNING: If a serviceability tool is in use, please run with -XX:+EnableDynamicAgentLoading to hide this warning
WARNING: If a serviceability tool is not in use, please run with -Djdk.instrument.traceUsage for more information
WARNING: Dynamic loading of agents will be disallowed by default in a future release
]]></system-err>
  </testcase>
  <testcase name="findAllBooksWithAuthor_returnsInnerJoinedRows" classname="com.example.library.repository.BookRepositoryTest" time="0.015">
    <system-out><![CDATA[Hibernate: 
    insert 
    into
        author
        (birth_year, name, nationality, id) 
    values
        (?, ?, ?, default)
Hibernate: 
    insert 
    into
        author
        (birth_year, name, nationality, id) 
    values
        (?, ?, ?, default)
Hibernate: 
    insert 
    into
        author
        (birth_year, name, nationality, id) 
    values
        (?, ?, ?, default)
Hibernate: 
    insert 
    into
        book
        (author_id, isbn, price, title, id) 
    values
        (?, ?, ?, ?, default)
Hibernate: 
    insert 
    into
        book
        (author_id, isbn, price, title, id) 
    values
        (?, ?, ?, ?, default)
Hibernate: 
    insert 
    into
        book
        (author_id, isbn, price, title, id) 
    values
        (?, ?, ?, ?, default)
Hibernate: 
    select
        b1_0.id,
        b1_0.title,
        b1_0.isbn,
        b1_0.price,
        a1_0.name,
        a1_0.nationality 
    from
        book b1_0 
    join
        author a1_0 
            on a1_0.id=b1_0.author_id 
    order by
        a1_0.name,
        b1_0.title
]]></system-out>
  </testcase>
</testsuite>